[debug] [2024-06-05T09:48:04.955Z] ----------------------------------------------------------------------
[debug] [2024-06-05T09:48:04.957Z] Command:       C:\Program Files\nodejs\node.exe C:\Users\NasiF\AppData\Roaming\npm\node_modules\firebase-tools\lib\bin\firebase.js init
[debug] [2024-06-05T09:48:04.958Z] CLI Version:   11.17.0
[debug] [2024-06-05T09:48:04.958Z] Platform:      win32
[debug] [2024-06-05T09:48:04.958Z] Node Version:  v21.6.2
[debug] [2024-06-05T09:48:04.958Z] Time:          Wed Jun 05 2024 15:48:04 GMT+0600 (Bangladesh Standard Time)
[debug] [2024-06-05T09:48:04.958Z] ----------------------------------------------------------------------
[debug] 
[debug] [2024-06-05T09:48:04.961Z] >>> [apiv2][query] GET https://firebase-public.firebaseio.com/cli.json [none]
[debug] [2024-06-05T09:48:05.083Z] > command requires scopes: ["email","openid","https://www.googleapis.com/auth/cloudplatformprojects.readonly","https://www.googleapis.com/auth/firebase","https://www.googleapis.com/auth/cloud-platform"]
[debug] [2024-06-05T09:48:05.083Z] > authorizing via signed-in user (nasifzeehan1@gmail.com)
[info] 
     ######## #### ########  ######## ########     ###     ######  ########
     ##        ##  ##     ## ##       ##     ##  ##   ##  ##       ##
     ######    ##  ########  ######   ########  #########  ######  ######
     ##        ##  ##    ##  ##       ##     ## ##     ##       ## ##
     ##       #### ##     ## ######## ########  ##     ##  ######  ########

You're about to initialize a Firebase project in this directory:

  G:\Web Development\My Projects\TOURNEE EN MYMENSINGH\tournee-en-mymensingh

Before we get started, keep in mind:

  * You are initializing within an existing Firebase project directory

[debug] [2024-06-05T09:48:05.807Z] <<< [apiv2][status] GET https://firebase-public.firebaseio.com/cli.json 200
[debug] [2024-06-05T09:48:05.808Z] <<< [apiv2][body] GET https://firebase-public.firebaseio.com/cli.json {"cloudBuildErrorAfter":1594252800000,"cloudBuildWarnAfter":1590019200000,"defaultNode10After":1594252800000,"minVersion":"3.0.5","node8DeploysDisabledAfter":1613390400000,"node8RuntimeDisabledAfter":1615809600000,"node8WarnAfter":1600128000000}
[debug] [2024-06-05T09:49:21.897Z] ----------------------------------------------------------------------
[debug] [2024-06-05T09:49:21.900Z] Command:       C:\Program Files\nodejs\node.exe C:\Users\NasiF\AppData\Roaming\npm\node_modules\firebase-tools\lib\bin\firebase.js deploy
[debug] [2024-06-05T09:49:21.901Z] CLI Version:   11.17.0
[debug] [2024-06-05T09:49:21.901Z] Platform:      win32
[debug] [2024-06-05T09:49:21.901Z] Node Version:  v21.6.2
[debug] [2024-06-05T09:49:21.901Z] Time:          Wed Jun 05 2024 15:49:21 GMT+0600 (Bangladesh Standard Time)
[debug] [2024-06-05T09:49:21.901Z] ----------------------------------------------------------------------
[debug] 
[debug] [2024-06-05T09:49:21.972Z] > command requires scopes: ["email","openid","https://www.googleapis.com/auth/cloudplatformprojects.readonly","https://www.googleapis.com/auth/firebase","https://www.googleapis.com/auth/cloud-platform"]
[debug] [2024-06-05T09:49:21.972Z] > authorizing via signed-in user (nasifzeehan1@gmail.com)
[debug] [2024-06-05T09:49:21.972Z] [iam] checking project tournee-en-mymensingh for permissions ["firebase.projects.get","firebasehosting.sites.update"]
[debug] [2024-06-05T09:49:21.974Z] > refreshing access token with scopes: []
[debug] [2024-06-05T09:49:21.976Z] >>> [apiv2][query] POST https://www.googleapis.com/oauth2/v3/token [none]
[debug] [2024-06-05T09:49:21.976Z] >>> [apiv2][body] POST https://www.googleapis.com/oauth2/v3/token [omitted]
[debug] [2024-06-05T09:49:22.357Z] <<< [apiv2][status] POST https://www.googleapis.com/oauth2/v3/token 400
[debug] [2024-06-05T09:49:22.358Z] <<< [apiv2][body] POST https://www.googleapis.com/oauth2/v3/token [omitted]
[debug] [2024-06-05T09:49:22.358Z] >>> [apiv2][query] POST https://cloudresourcemanager.googleapis.com/v1/projects/tournee-en-mymensingh:testIamPermissions [none]
[debug] [2024-06-05T09:49:22.358Z] >>> [apiv2][(partial)header] POST https://cloudresourcemanager.googleapis.com/v1/projects/tournee-en-mymensingh:testIamPermissions x-goog-quota-user=projects/tournee-en-mymensingh
[debug] [2024-06-05T09:49:22.358Z] >>> [apiv2][body] POST https://cloudresourcemanager.googleapis.com/v1/projects/tournee-en-mymensingh:testIamPermissions {"permissions":["firebase.projects.get","firebasehosting.sites.update"]}
[debug] [2024-06-05T09:49:24.218Z] <<< [apiv2][status] POST https://cloudresourcemanager.googleapis.com/v1/projects/tournee-en-mymensingh:testIamPermissions 401
[debug] [2024-06-05T09:49:24.218Z] <<< [apiv2][body] POST https://cloudresourcemanager.googleapis.com/v1/projects/tournee-en-mymensingh:testIamPermissions {"error":{"code":401,"message":"Request had invalid authentication credentials. Expected OAuth 2 access token, login cookie or other valid authentication credential. See https://developers.google.com/identity/sign-in/web/devconsole-project.","status":"UNAUTHENTICATED","details":[{"@type":"type.googleapis.com/google.rpc.ErrorInfo","reason":"ACCESS_TOKEN_TYPE_UNSUPPORTED","metadata":{"service":"cloudresourcemanager.googleapis.com","method":"google.cloudresourcemanager.v1.Projects.TestIamPermissions"}}]}}
[debug] [2024-06-05T09:49:24.219Z] [iam] error while checking permissions, command may fail: FirebaseError: HTTP Error: 401, Request had invalid authentication credentials. Expected OAuth 2 access token, login cookie or other valid authentication credential. See https://developers.google.com/identity/sign-in/web/devconsole-project.
[debug] [2024-06-05T09:49:24.219Z] > refreshing access token with scopes: []
[debug] [2024-06-05T09:49:24.219Z] >>> [apiv2][query] POST https://www.googleapis.com/oauth2/v3/token [none]
[debug] [2024-06-05T09:49:24.219Z] >>> [apiv2][body] POST https://www.googleapis.com/oauth2/v3/token [omitted]
[debug] [2024-06-05T09:49:24.348Z] <<< [apiv2][status] POST https://www.googleapis.com/oauth2/v3/token 400
[debug] [2024-06-05T09:49:24.348Z] <<< [apiv2][body] POST https://www.googleapis.com/oauth2/v3/token [omitted]
[debug] [2024-06-05T09:49:24.348Z] >>> [apiv2][query] GET https://firebase.googleapis.com/v1beta1/projects/tournee-en-mymensingh [none]
[debug] [2024-06-05T09:49:24.788Z] <<< [apiv2][status] GET https://firebase.googleapis.com/v1beta1/projects/tournee-en-mymensingh 401
[debug] [2024-06-05T09:49:24.788Z] <<< [apiv2][body] GET https://firebase.googleapis.com/v1beta1/projects/tournee-en-mymensingh {"error":{"code":401,"message":"Request had invalid authentication credentials. Expected OAuth 2 access token, login cookie or other valid authentication credential. See https://developers.google.com/identity/sign-in/web/devconsole-project.","status":"UNAUTHENTICATED"}}
[debug] [2024-06-05T09:49:24.788Z] HTTP Error: 401, Request had invalid authentication credentials. Expected OAuth 2 access token, login cookie or other valid authentication credential. See https://developers.google.com/identity/sign-in/web/devconsole-project.
[debug] [2024-06-05T09:49:25.088Z] FirebaseError: HTTP Error: 401, Request had invalid authentication credentials. Expected OAuth 2 access token, login cookie or other valid authentication credential. See https://developers.google.com/identity/sign-in/web/devconsole-project.
    at responseToError (C:\Users\NasiF\AppData\Roaming\npm\node_modules\firebase-tools\lib\responseToError.js:49:12)
    at RetryOperation._fn (C:\Users\NasiF\AppData\Roaming\npm\node_modules\firebase-tools\lib\apiv2.js:288:77)
    at process.processTicksAndRejections (node:internal/process/task_queues:95:5)
[error] 
[error] Error: Failed to get Firebase project tournee-en-mymensingh. Please make sure the project exists and your account has permission to access it.
[debug] [2024-06-05T09:51:05.093Z] ----------------------------------------------------------------------
[debug] [2024-06-05T09:51:05.095Z] Command:       C:\Program Files\nodejs\node.exe C:\Users\NasiF\AppData\Roaming\npm\node_modules\firebase-tools\lib\bin\firebase.js deploy
[debug] [2024-06-05T09:51:05.096Z] CLI Version:   13.10.2
[debug] [2024-06-05T09:51:05.096Z] Platform:      win32
[debug] [2024-06-05T09:51:05.096Z] Node Version:  v21.6.2
[debug] [2024-06-05T09:51:05.096Z] Time:          Wed Jun 05 2024 15:51:05 GMT+0600 (Bangladesh Standard Time)
[debug] [2024-06-05T09:51:05.096Z] ----------------------------------------------------------------------
[debug] 
[debug] [2024-06-05T09:51:05.176Z] > command requires scopes: ["email","openid","https://www.googleapis.com/auth/cloudplatformprojects.readonly","https://www.googleapis.com/auth/firebase","https://www.googleapis.com/auth/cloud-platform"]
[debug] [2024-06-05T09:51:05.176Z] > authorizing via signed-in user (nasifzeehan1@gmail.com)
[debug] [2024-06-05T09:51:05.177Z] [iam] checking project tournee-en-mymensingh for permissions ["firebase.projects.get","firebasehosting.sites.update"]
[debug] [2024-06-05T09:51:05.178Z] > refreshing access token with scopes: []
[debug] [2024-06-05T09:51:05.180Z] >>> [apiv2][query] POST https://www.googleapis.com/oauth2/v3/token [none]
[debug] [2024-06-05T09:51:05.180Z] >>> [apiv2][body] POST https://www.googleapis.com/oauth2/v3/token [omitted]
[debug] [2024-06-05T09:51:05.549Z] <<< [apiv2][status] POST https://www.googleapis.com/oauth2/v3/token 400
[debug] [2024-06-05T09:51:05.549Z] <<< [apiv2][body] POST https://www.googleapis.com/oauth2/v3/token [omitted]
[debug] [2024-06-05T09:51:05.549Z] >>> [apiv2][query] POST https://cloudresourcemanager.googleapis.com/v1/projects/tournee-en-mymensingh:testIamPermissions [none]
[debug] [2024-06-05T09:51:05.549Z] >>> [apiv2][(partial)header] POST https://cloudresourcemanager.googleapis.com/v1/projects/tournee-en-mymensingh:testIamPermissions x-goog-quota-user=projects/tournee-en-mymensingh
[debug] [2024-06-05T09:51:05.550Z] >>> [apiv2][body] POST https://cloudresourcemanager.googleapis.com/v1/projects/tournee-en-mymensingh:testIamPermissions {"permissions":["firebase.projects.get","firebasehosting.sites.update"]}
[debug] [2024-06-05T09:51:07.278Z] <<< [apiv2][status] POST https://cloudresourcemanager.googleapis.com/v1/projects/tournee-en-mymensingh:testIamPermissions 401
[debug] [2024-06-05T09:51:07.278Z] <<< [apiv2][body] POST https://cloudresourcemanager.googleapis.com/v1/projects/tournee-en-mymensingh:testIamPermissions {"error":{"code":401,"message":"Request had invalid authentication credentials. Expected OAuth 2 access token, login cookie or other valid authentication credential. See https://developers.google.com/identity/sign-in/web/devconsole-project.","status":"UNAUTHENTICATED","details":[{"@type":"type.googleapis.com/google.rpc.ErrorInfo","reason":"ACCESS_TOKEN_TYPE_UNSUPPORTED","metadata":{"service":"cloudresourcemanager.googleapis.com","method":"google.cloudresourcemanager.v1.Projects.TestIamPermissions"}}]}}
[debug] [2024-06-05T09:51:07.278Z] [iam] error while checking permissions, command may fail: FirebaseError: HTTP Error: 401, Request had invalid authentication credentials. Expected OAuth 2 access token, login cookie or other valid authentication credential. See https://developers.google.com/identity/sign-in/web/devconsole-project.
[debug] [2024-06-05T09:51:07.279Z] > refreshing access token with scopes: []
[debug] [2024-06-05T09:51:07.279Z] >>> [apiv2][query] POST https://www.googleapis.com/oauth2/v3/token [none]
[debug] [2024-06-05T09:51:07.279Z] >>> [apiv2][body] POST https://www.googleapis.com/oauth2/v3/token [omitted]
[debug] [2024-06-05T09:51:07.411Z] <<< [apiv2][status] POST https://www.googleapis.com/oauth2/v3/token 400
[debug] [2024-06-05T09:51:07.411Z] <<< [apiv2][body] POST https://www.googleapis.com/oauth2/v3/token [omitted]
[debug] [2024-06-05T09:51:07.412Z] >>> [apiv2][query] GET https://firebase.googleapis.com/v1beta1/projects/tournee-en-mymensingh [none]
[debug] [2024-06-05T09:51:07.876Z] <<< [apiv2][status] GET https://firebase.googleapis.com/v1beta1/projects/tournee-en-mymensingh 401
[debug] [2024-06-05T09:51:07.876Z] <<< [apiv2][body] GET https://firebase.googleapis.com/v1beta1/projects/tournee-en-mymensingh {"error":{"code":401,"message":"Request had invalid authentication credentials. Expected OAuth 2 access token, login cookie or other valid authentication credential. See https://developers.google.com/identity/sign-in/web/devconsole-project.","status":"UNAUTHENTICATED"}}
[debug] [2024-06-05T09:51:07.876Z] HTTP Error: 401, Request had invalid authentication credentials. Expected OAuth 2 access token, login cookie or other valid authentication credential. See https://developers.google.com/identity/sign-in/web/devconsole-project.
[error] 
[error] Error: Assertion failed: resolving hosting target of a site with no site name or target name. This should have caused an error earlier
